Warning: '-env' cannot be found, or it is illegal. The default 'fat' will be used.
{"level":"info","time":"2025-08-16 09:11:46","caller":"router/router.go:49","msg":"æ­£åœ¨åˆå§‹åŒ–æ•°æ®åº“è¿æ¥...","domain":"marriage_system[fat]"}
{"level":"info","time":"2025-08-16 09:11:46","caller":"router/router.go:62","msg":"æ­£åœ¨æµ‹è¯•æ•°æ®åº“è¿æ¥...","domain":"marriage_system[fat]"}
{"level":"info","time":"2025-08-16 09:11:46","caller":"router/router.go:68","msg":"æ•°æ®åº“è¿æ¥æˆåŠŸ","domain":"marriage_system[fat]"}
{"level":"info","time":"2025-08-16 09:11:46","caller":"router/router.go:80","msg":"æ­£åœ¨æ£€æŸ¥å¹¶åˆ›å»ºç¼ºå¤±çš„æ•°æ®è¡¨...","domain":"marriage_system[fat]"}
{"level":"info","time":"2025-08-16 09:11:46","caller":"router/router.go:210","msg":"å¼ºåˆ¶é‡å»ºè¡¨","domain":"marriage_system[fat]","table":"org"}
{"level":"info","time":"2025-08-16 09:11:46","caller":"router/router.go:219","msg":"è¡¨å·²å­˜åœ¨ï¼Œæ­£åœ¨åˆ é™¤...","domain":"marriage_system[fat]","table":"org"}
{"level":"info","time":"2025-08-16 09:11:47","caller":"router/router.go:224","msg":"è¡¨åˆ é™¤å®Œæˆ","domain":"marriage_system[fat]","table":"org"}
{"level":"info","time":"2025-08-16 09:11:47","caller":"router/router.go:228","msg":"æ­£åœ¨åˆ›å»ºè¡¨...","domain":"marriage_system[fat]","table":"org"}
{"level":"info","time":"2025-08-16 09:11:47","caller":"router/router.go:232","msg":"è¡¨åˆ›å»ºå®Œæˆ","domain":"marriage_system[fat]","table":"org"}
{"level":"info","time":"2025-08-16 09:11:47","caller":"router/router.go:210","msg":"å¼ºåˆ¶é‡å»ºè¡¨","domain":"marriage_system[fat]","table":"org_history"}
{"level":"info","time":"2025-08-16 09:11:47","caller":"router/router.go:219","msg":"è¡¨å·²å­˜åœ¨ï¼Œæ­£åœ¨åˆ é™¤...","domain":"marriage_system[fat]","table":"org_history"}
{"level":"info","time":"2025-08-16 09:11:47","caller":"router/router.go:224","msg":"è¡¨åˆ é™¤å®Œæˆ","domain":"marriage_system[fat]","table":"org_history"}
{"level":"info","time":"2025-08-16 09:11:47","caller":"router/router.go:228","msg":"æ­£åœ¨åˆ›å»ºè¡¨...","domain":"marriage_system[fat]","table":"org_history"}
{"level":"info","time":"2025-08-16 09:11:47","caller":"router/router.go:232","msg":"è¡¨åˆ›å»ºå®Œæˆ","domain":"marriage_system[fat]","table":"org_history"}
{"level":"info","time":"2025-08-16 09:11:47","caller":"router/router.go:210","msg":"å¼ºåˆ¶é‡å»ºè¡¨","domain":"marriage_system[fat]","table":"account"}
{"level":"info","time":"2025-08-16 09:11:47","caller":"router/router.go:219","msg":"è¡¨å·²å­˜åœ¨ï¼Œæ­£åœ¨åˆ é™¤...","domain":"marriage_system[fat]","table":"account"}
{"level":"info","time":"2025-08-16 09:11:47","caller":"router/router.go:224","msg":"è¡¨åˆ é™¤å®Œæˆ","domain":"marriage_system[fat]","table":"account"}
{"level":"info","time":"2025-08-16 09:11:47","caller":"router/router.go:228","msg":"æ­£åœ¨åˆ›å»ºè¡¨...","domain":"marriage_system[fat]","table":"account"}
{"level":"info","time":"2025-08-16 09:11:47","caller":"router/router.go:232","msg":"è¡¨åˆ›å»ºå®Œæˆ","domain":"marriage_system[fat]","table":"account"}
{"level":"info","time":"2025-08-16 09:11:47","caller":"router/router.go:210","msg":"å¼ºåˆ¶é‡å»ºè¡¨","domain":"marriage_system[fat]","table":"account_history"}
{"level":"info","time":"2025-08-16 09:11:47","caller":"router/router.go:219","msg":"è¡¨å·²å­˜åœ¨ï¼Œæ­£åœ¨åˆ é™¤...","domain":"marriage_system[fat]","table":"account_history"}
{"level":"info","time":"2025-08-16 09:11:47","caller":"router/router.go:224","msg":"è¡¨åˆ é™¤å®Œæˆ","domain":"marriage_system[fat]","table":"account_history"}
{"level":"info","time":"2025-08-16 09:11:47","caller":"router/router.go:228","msg":"æ­£åœ¨åˆ›å»ºè¡¨...","domain":"marriage_system[fat]","table":"account_history"}
{"level":"info","time":"2025-08-16 09:11:47","caller":"router/router.go:232","msg":"è¡¨åˆ›å»ºå®Œæˆ","domain":"marriage_system[fat]","table":"account_history"}
{"level":"info","time":"2025-08-16 09:11:47","caller":"router/router.go:210","msg":"å¼ºåˆ¶é‡å»ºè¡¨","domain":"marriage_system[fat]","table":"account_org_relation"}
{"level":"info","time":"2025-08-16 09:11:48","caller":"router/router.go:219","msg":"è¡¨å·²å­˜åœ¨ï¼Œæ­£åœ¨åˆ é™¤...","domain":"marriage_system[fat]","table":"account_org_relation"}
{"level":"info","time":"2025-08-16 09:11:48","caller":"router/router.go:224","msg":"è¡¨åˆ é™¤å®Œæˆ","domain":"marriage_system[fat]","table":"account_org_relation"}
{"level":"info","time":"2025-08-16 09:11:48","caller":"router/router.go:228","msg":"æ­£åœ¨åˆ›å»ºè¡¨...","domain":"marriage_system[fat]","table":"account_org_relation"}
{"level":"info","time":"2025-08-16 09:11:48","caller":"router/router.go:232","msg":"è¡¨åˆ›å»ºå®Œæˆ","domain":"marriage_system[fat]","table":"account_org_relation"}
{"level":"info","time":"2025-08-16 09:11:48","caller":"router/router.go:210","msg":"å¼ºåˆ¶é‡å»ºè¡¨","domain":"marriage_system[fat]","table":"customer_authorization_record"}
{"level":"info","time":"2025-08-16 09:11:48","caller":"router/router.go:219","msg":"è¡¨å·²å­˜åœ¨ï¼Œæ­£åœ¨åˆ é™¤...","domain":"marriage_system[fat]","table":"customer_authorization_record"}
{"level":"info","time":"2025-08-16 09:11:48","caller":"router/router.go:224","msg":"è¡¨åˆ é™¤å®Œæˆ","domain":"marriage_system[fat]","table":"customer_authorization_record"}
{"level":"info","time":"2025-08-16 09:11:48","caller":"router/router.go:228","msg":"æ­£åœ¨åˆ›å»ºè¡¨...","domain":"marriage_system[fat]","table":"customer_authorization_record"}
{"level":"info","time":"2025-08-16 09:11:48","caller":"router/router.go:232","msg":"è¡¨åˆ›å»ºå®Œæˆ","domain":"marriage_system[fat]","table":"customer_authorization_record"}
{"level":"info","time":"2025-08-16 09:11:48","caller":"router/router.go:210","msg":"å¼ºåˆ¶é‡å»ºè¡¨","domain":"marriage_system[fat]","table":"customer_authorization_record_history"}
{"level":"info","time":"2025-08-16 09:11:48","caller":"router/router.go:219","msg":"è¡¨å·²å­˜åœ¨ï¼Œæ­£åœ¨åˆ é™¤...","domain":"marriage_system[fat]","table":"customer_authorization_record_history"}
{"level":"info","time":"2025-08-16 09:11:48","caller":"router/router.go:224","msg":"è¡¨åˆ é™¤å®Œæˆ","domain":"marriage_system[fat]","table":"customer_authorization_record_history"}
{"level":"info","time":"2025-08-16 09:11:48","caller":"router/router.go:228","msg":"æ­£åœ¨åˆ›å»ºè¡¨...","domain":"marriage_system[fat]","table":"customer_authorization_record_history"}
{"level":"info","time":"2025-08-16 09:11:48","caller":"router/router.go:232","msg":"è¡¨åˆ›å»ºå®Œæˆ","domain":"marriage_system[fat]","table":"customer_authorization_record_history"}
{"level":"info","time":"2025-08-16 09:11:48","caller":"router/router.go:210","msg":"å¼ºåˆ¶é‡å»ºè¡¨","domain":"marriage_system[fat]","table":"cooperation_store"}
{"level":"info","time":"2025-08-16 09:11:48","caller":"router/router.go:219","msg":"è¡¨å·²å­˜åœ¨ï¼Œæ­£åœ¨åˆ é™¤...","domain":"marriage_system[fat]","table":"cooperation_store"}
{"level":"info","time":"2025-08-16 09:11:48","caller":"router/router.go:224","msg":"è¡¨åˆ é™¤å®Œæˆ","domain":"marriage_system[fat]","table":"cooperation_store"}
{"level":"info","time":"2025-08-16 09:11:48","caller":"router/router.go:228","msg":"æ­£åœ¨åˆ›å»ºè¡¨...","domain":"marriage_system[fat]","table":"cooperation_store"}
{"level":"info","time":"2025-08-16 09:11:49","caller":"router/router.go:232","msg":"è¡¨åˆ›å»ºå®Œæˆ","domain":"marriage_system[fat]","table":"cooperation_store"}
{"level":"info","time":"2025-08-16 09:11:49","caller":"router/router.go:210","msg":"å¼ºåˆ¶é‡å»ºè¡¨","domain":"marriage_system[fat]","table":"cooperation_store_history"}
{"level":"info","time":"2025-08-16 09:11:49","caller":"router/router.go:219","msg":"è¡¨å·²å­˜åœ¨ï¼Œæ­£åœ¨åˆ é™¤...","domain":"marriage_system[fat]","table":"cooperation_store_history"}
{"level":"info","time":"2025-08-16 09:11:49","caller":"router/router.go:224","msg":"è¡¨åˆ é™¤å®Œæˆ","domain":"marriage_system[fat]","table":"cooperation_store_history"}
{"level":"info","time":"2025-08-16 09:11:49","caller":"router/router.go:228","msg":"æ­£åœ¨åˆ›å»ºè¡¨...","domain":"marriage_system[fat]","table":"cooperation_store_history"}
{"level":"info","time":"2025-08-16 09:11:49","caller":"router/router.go:232","msg":"è¡¨åˆ›å»ºå®Œæˆ","domain":"marriage_system[fat]","table":"cooperation_store_history"}
{"level":"info","time":"2025-08-16 09:11:49","caller":"router/router.go:210","msg":"å¼ºåˆ¶é‡å»ºè¡¨","domain":"marriage_system[fat]","table":"outbox_events"}
{"level":"info","time":"2025-08-16 09:11:49","caller":"router/router.go:219","msg":"è¡¨å·²å­˜åœ¨ï¼Œæ­£åœ¨åˆ é™¤...","domain":"marriage_system[fat]","table":"outbox_events"}
{"level":"info","time":"2025-08-16 09:11:49","caller":"router/router.go:224","msg":"è¡¨åˆ é™¤å®Œæˆ","domain":"marriage_system[fat]","table":"outbox_events"}
{"level":"info","time":"2025-08-16 09:11:49","caller":"router/router.go:228","msg":"æ­£åœ¨åˆ›å»ºè¡¨...","domain":"marriage_system[fat]","table":"outbox_events"}
{"level":"info","time":"2025-08-16 09:11:49","caller":"router/router.go:232","msg":"è¡¨åˆ›å»ºå®Œæˆ","domain":"marriage_system[fat]","table":"outbox_events"}
{"level":"info","time":"2025-08-16 09:11:49","caller":"router/router.go:85","msg":"æ•°æ®è¡¨æ£€æŸ¥å®Œæˆ","domain":"marriage_system[fat]"}
{"level":"info","time":"2025-08-16 09:11:49","caller":"router/router.go:98","msg":"æ­£åœ¨åˆå§‹åŒ–Redisç¼“å­˜...","domain":"marriage_system[fat]"}
{"level":"info","time":"2025-08-16 09:11:49","caller":"router/router.go:104","msg":"Redisè¿æ¥æˆåŠŸ","domain":"marriage_system[fat]"}
[34m
 â–ˆâ–ˆâ–ˆâ–ˆâ–ˆâ–ˆâ•—  â–ˆâ–ˆâ–ˆâ–ˆâ–ˆâ–ˆâ•—        â–ˆâ–ˆâ–ˆâ–ˆâ–ˆâ–ˆâ•— â–ˆâ–ˆâ•—â–ˆâ–ˆâ–ˆâ•—   â–ˆâ–ˆâ•—       â–ˆâ–ˆâ–ˆâ–ˆâ–ˆâ•— â–ˆâ–ˆâ–ˆâ–ˆâ–ˆâ–ˆâ•— â–ˆâ–ˆâ•—
â–ˆâ–ˆâ•”â•â•â•â•â• â–ˆâ–ˆâ•”â•â•â•â–ˆâ–ˆâ•—      â–ˆâ–ˆâ•”â•â•â•â•â• â–ˆâ–ˆâ•‘â–ˆâ–ˆâ–ˆâ–ˆâ•—  â–ˆâ–ˆâ•‘      â–ˆâ–ˆâ•”â•â•â–ˆâ–ˆâ•—â–ˆâ–ˆâ•”â•â•â–ˆâ–ˆâ•—â–ˆâ–ˆâ•‘
â–ˆâ–ˆâ•‘  â–ˆâ–ˆâ–ˆâ•—â–ˆâ–ˆâ•‘   â–ˆâ–ˆâ•‘â–ˆâ–ˆâ–ˆâ–ˆâ–ˆâ•—â–ˆâ–ˆâ•‘  â–ˆâ–ˆâ–ˆâ•—â–ˆâ–ˆâ•‘â–ˆâ–ˆâ•”â–ˆâ–ˆâ•— â–ˆâ–ˆâ•‘â–ˆâ–ˆâ–ˆâ–ˆâ–ˆâ•—â–ˆâ–ˆâ–ˆâ–ˆâ–ˆâ–ˆâ–ˆâ•‘â–ˆâ–ˆâ–ˆâ–ˆâ–ˆâ–ˆâ•”â•â–ˆâ–ˆâ•‘
â–ˆâ–ˆâ•‘   â–ˆâ–ˆâ•‘â–ˆâ–ˆâ•‘   â–ˆâ–ˆâ•‘â•šâ•â•â•â•â•â–ˆâ–ˆâ•‘   â–ˆâ–ˆâ•‘â–ˆâ–ˆâ•‘â–ˆâ–ˆâ•‘â•šâ–ˆâ–ˆâ•—â–ˆâ–ˆâ•‘â•šâ•â•â•â•â•â–ˆâ–ˆâ•”â•â•â–ˆâ–ˆâ•‘â–ˆâ–ˆâ•”â•â•â•â• â–ˆâ–ˆâ•‘
â•šâ–ˆâ–ˆâ–ˆâ–ˆâ–ˆâ–ˆâ•”â•â•šâ–ˆâ–ˆâ–ˆâ–ˆâ–ˆâ–ˆâ•”â•      â•šâ–ˆâ–ˆâ–ˆâ–ˆâ–ˆâ–ˆâ•”â•â–ˆâ–ˆâ•‘â–ˆâ–ˆâ•‘ â•šâ–ˆâ–ˆâ–ˆâ–ˆâ•‘      â–ˆâ–ˆâ•‘  â–ˆâ–ˆâ•‘â–ˆâ–ˆâ•‘     â–ˆâ–ˆâ•‘
 â•šâ•â•â•â•â•â•  â•šâ•â•â•â•â•â•        â•šâ•â•â•â•â•â• â•šâ•â•â•šâ•â•  â•šâ•â•â•â•      â•šâ•â•  â•šâ•â•â•šâ•â•     â•šâ•â•
[0m
DEBUG: Extracted fields: method= GET path= /system/logs/unified statusCode= 200 duration= +3.285608e-003 traceId= 40880ae81c8edd784b5a
DEBUG: Extracted fields: method= GET path= /system/logs/unified statusCode= 200 duration= +3.639189e-003 traceId= b6db99314e6ca367ae54
DEBUG: Extracted fields: method= GET path= /system/logs/unified statusCode= 200 duration= +1.211508e-003 traceId= 6dd9dc09ab2405df01e1
DEBUG: Extracted fields: method= GET path= /system/logs/unified statusCode= 200 duration= +2.011155e-003 traceId= 29f62bad0e6d17251666
DEBUG: Extracted fields: method= GET path= /system/logs/unified statusCode= 200 duration= +3.285608e-003 traceId= 40880ae81c8edd784b5a
DEBUG: Extracted fields: method= GET path= /system/logs/unified statusCode= 200 duration= +3.639189e-003 traceId= b6db99314e6ca367ae54
DEBUG: Extracted fields: method= GET path= /system/logs/unified statusCode= 200 duration= +1.211508e-003 traceId= 6dd9dc09ab2405df01e1
DEBUG: Extracted fields: method= GET path= /system/logs/unified statusCode= 200 duration= +2.011155e-003 traceId= 29f62bad0e6d17251666
DEBUG: Extracted fields: method= GET path= /system/logs/unified statusCode= 200 duration= +3.285608e-003 traceId= 40880ae81c8edd784b5a
DEBUG: Extracted fields: method= GET path= /system/logs/unified statusCode= 200 duration= +3.639189e-003 traceId= b6db99314e6ca367ae54
DEBUG: Extracted fields: method= GET path= /system/logs/unified statusCode= 200 duration= +1.211508e-003 traceId= 6dd9dc09ab2405df01e1
DEBUG: Extracted fields: method= GET path= /system/logs/unified statusCode= 200 duration= +2.011155e-003 traceId= 29f62bad0e6d17251666
